<?xml version="1.0" encoding="UTF-8"?>
<!-- Generated by org.testng.reporters.JUnitXMLReporter -->
<testsuite ignored="0" hostname="Dibyansh_Verma" failures="0" tests="4" name="Default test" time="6.048" errors="0" timestamp="2024-06-09T09:47:52 IST">
  <testcase classname="Automation.RahulShettyUdemy.DataProviderDemo" name="test" time="1.972"/>
  <testcase classname="Automation.RahulShettyUdemy.DataProviderDemo" name="test" time="1.298"/>
  <testcase classname="Automation.RahulShettyUdemy.DataProviderDemo" name="test" time="1.337"/>
  <testcase classname="Automation.RahulShettyUdemy.DataProviderDemo" name="test" time="1.399"/>
</testsuite> <!-- Default test -->
