<?xml version="1.0" encoding="UTF-8"?>
<testng-results ignored="0" total="1" passed="1" failed="0" skipped="0">
  <reporter-output>
  </reporter-output>
  <suite started-at="2024-06-19T23:52:48 IST" name="Default suite" finished-at="2024-06-19T23:53:18 IST" duration-ms="29523">
    <groups>
    </groups>
    <test started-at="2024-06-19T23:52:48 IST" name="Default test" finished-at="2024-06-19T23:53:18 IST" duration-ms="29523">
      <class name="Automation.RahulShettyUdemy.StaleElementException">
        <test-method signature="StaleElementException1()[pri:0, instance:Automation.RahulShettyUdemy.StaleElementException@229f66ed]" started-at="2024-06-19T23:52:48 IST" name="StaleElementException1" finished-at="2024-06-19T23:53:18 IST" duration-ms="29470" status="PASS">
          <reporter-output>
          </reporter-output>
        </test-method> <!-- StaleElementException1 -->
      </class> <!-- Automation.RahulShettyUdemy.StaleElementException -->
    </test> <!-- Default test -->
  </suite> <!-- Default suite -->
</testng-results>
