<?xml version="1.0" encoding="UTF-8"?>
<testng-results ignored="0" total="1" passed="1" failed="0" skipped="0">
  <reporter-output>
  </reporter-output>
  <suite started-at="2024-05-01T18:39:32 IST" name="Default suite" finished-at="2024-05-01T18:39:32 IST" duration-ms="70">
    <groups>
    </groups>
    <test started-at="2024-05-01T18:39:32 IST" name="Default test" finished-at="2024-05-01T18:39:32 IST" duration-ms="70">
      <class name="Automation.RahulShettyUdemy.Demo">
        <test-method signature="Demo1()[pri:0, instance:Automation.RahulShettyUdemy.Demo@79079097]" started-at="2024-05-01T18:39:32 IST" name="Demo1" finished-at="2024-05-01T18:39:32 IST" duration-ms="12" status="PASS">
          <reporter-output>
          </reporter-output>
        </test-method> <!-- Demo1 -->
      </class> <!-- Automation.RahulShettyUdemy.Demo -->
    </test> <!-- Default test -->
  </suite> <!-- Default suite -->
</testng-results>
